#
# A fatal error has been detected by the Java Runtime Environment:
#
#  EXCEPTION_ACCESS_VIOLATION (0xc0000005) at pc=0x7aba6558, pid=14948, tid=0x000005e0
#
# JRE version: Java(TM) SE Runtime Environment (8.0_191-b12) (build 1.8.0_191-b12)
# Java VM: Java HotSpot(TM) Client VM (25.191-b12 mixed mode windows-x86 )
# Problematic frame:
# C  [awt.dll+0x86558]
#
# Failed to write core dump. Minidumps are not enabled by default on client versions of Windows
#
# If you would like to submit a bug report, please visit:
#   http://bugreport.java.com/bugreport/crash.jsp
# The crash happened outside the Java Virtual Machine in native code.
# See problematic frame for where to report the bug.
#

---------------  T H R E A D  ---------------

Current thread (0x2689d800):  JavaThread "AWT-Windows" daemon [_thread_in_native, id=1504, stack(0x26d80000,0x26dd0000)]

siginfo: ExceptionCode=0xc0000005, reading address 0x00000020

Registers:
EAX=0x00000001, EBX=0x749a42e0, ECX=0x0099a000, EDX=0x00000001
ESP=0x26dcc8bc, EBP=0x26dcc8ec, ESI=0x00000026, EDI=0x00000000
EIP=0x7aba6558, EFLAGS=0x00010202

Top of Stack: (sp=0x26dcc8bc)
0x26dcc8bc:   341ec36f 80006011 000b0694 00000001
0x26dcc8cc:   0006070c 26dccef8 00000000 7b24262a
0x26dcc8dc:   26dcc8bc 26dccba8 7abd7389 00000000
0x26dcc8ec:   26dcc8ec 2689d800 26dcc950 7b05e660
0x26dcc8fc:   2689d800 00000006 00000004 267bc58c
0x26dcc90c:   2689d940 26dcc944 7af87303 2689d800
0x26dcc91c:   a45b3d79 267bc58c 2689d800 00000000
0x26dcc92c:   26dcc91c 26dcc920 26dcc9a0 7b24262a 

Instructions: (pc=0x7aba6558)
0x7aba6538:   04 00 00 53 8b 1d 0c dc c1 7a 8b f8 ff d3 6a 00
0x7aba6548:   6a 00 68 64 04 00 00 ff 75 e0 8b f0 ff d3 03 f0
0x7aba6558:   39 77 20 0f 83 d9 fe ff ff 33 c9 6a 02 5a 8b c6
0x7aba6568:   f7 e2 0f 90 c1 f7 d9 0b c8 51 e8 76 9b 02 00 8b 


Register to memory mapping:

EAX=0x00000001 is an unknown value
EBX=0x749a42e0 is an unknown value
ECX=0x0099a000 is an unknown value
EDX=0x00000001 is an unknown value
ESP=0x26dcc8bc is pointing into the stack for thread: 0x2689d800
EBP=0x26dcc8ec is pointing into the stack for thread: 0x2689d800
ESI=0x00000026 is an unknown value
EDI=0x00000000 is an unknown value


Stack: [0x26d80000,0x26dd0000],  sp=0x26dcc8bc,  free space=306k
Native frames: (J=compiled Java code, j=interpreted, Vv=VM code, C=native code)
C  [awt.dll+0x86558]
C  0x2689d800
C  0x2689d800
C  0x2689d800
C  0x2689d800
C  0x2689d800
C  0x2689d800
C  0x2689d800
C  0x2689d800
C  0x2689d800
C  0x2689d800
C  0x2689d800
C  0x2689d800
C  0x2689d800
C  0x2689d800
C  0x2689d800
C  0x2689d800
C  0x2689d800
C  0x2689d800
C  0x2689d800
C  0x2689d800
C  0x2689d800
C  0x2689d800
C  0x2689d800
C  0x2689d800
C  0x2689d800
C  0x2689d800
C  0x2689d800
C  0x2689d800
C  0x2689d800
C  0x2689d800
C  0x2689d800
C  0x2689d800
C  0x2689d800
C  0x2689d800
C  0x2689d800
C  0x2689d800
C  0x2689d800
C  0x2689d800
C  0x2689d800
C  0x2689d800
C  0x2689d800
C  0x2689d800
C  0x2689d800
C  0x2689d800
C  0x2689d800
C  0x2689d800
C  0x2689d800
C  0x2689d800
C  0x2689d800
C  0x2689d800
C  0x2689d800
C  0x2689d800
C  0x2689d800
C  0x2689d800
C  0x2689d800
C  0x2689d800
C  0x2689d800
C  0x2689d800
C  0x2689d800
C  0x2689d800
C  0x2689d800
C  0x2689d800
C  0x2689d800
C  0x2689d800
C  0x2689d800
C  0x2689d800
C  0x2689d800
C  0x2689d800
C  0x2689d800
C  0x2689d800
C  0x2689d800
C  0x2689d800
C  0x2689d800
C  0x2689d800
C  0x2689d800
C  0x2689d800
C  0x2689d800
C  0x2689d800
C  0x2689d800
C  0x2689d800
C  0x2689d800
C  0x2689d800
C  0x2689d800
C  0x2689d800
C  0x2689d800
C  0x2689d800
C  0x2689d800
C  0x2689d800
C  0x2689d800
C  0x2689d800
C  0x2689d800
C  0x2689d800
C  0x2689d800
C  0x2689d800
C  0x2689d800
C  0x2689d800
C  0x2689d800
C  0x2689d800
C  0x2689d800
...<more frames>...

Java frames: (J=compiled Java code, j=interpreted, Vv=VM code)
j  sun.awt.windows.WToolkit.eventLoop()V+0
j  sun.awt.windows.WToolkit.run()V+58
j  java.lang.Thread.run()V+11
v  ~StubRoutines::call_stub

---------------  P R O C E S S  ---------------

Java Threads: ( => current thread )
  0x266f2400 JavaThread "JmDNS(Electronics-Com-BD-mshome-net.local.).State.Timer" [_thread_blocked, id=8644, stack(0x2bc50000,0x2bca0000)]
  0x266f3c00 JavaThread "JmDNS(Electronics-Com-BD-mshome-net.local.).Timer" daemon [_thread_blocked, id=11940, stack(0x2bbc0000,0x2bc10000)]
  0x266f2000 JavaThread "SocketListener(Electronics-Com-BD-mshome-net.local.)" daemon [_thread_in_native, id=8068, stack(0x2bb30000,0x2bb80000)]
  0x266f1800 JavaThread "JmDNS(Electronics-Com-BD.local.).State.Timer" [_thread_blocked, id=10040, stack(0x2baa0000,0x2baf0000)]
  0x266f6400 JavaThread "JmDNS(Electronics-Com-BD.local.).Timer" daemon [_thread_blocked, id=9444, stack(0x252c0000,0x25310000)]
  0x266f0c00 JavaThread "SocketListener(Electronics-Com-BD.local.)" daemon [_thread_in_native, id=6204, stack(0x02950000,0x029a0000)]
  0x266f4400 JavaThread "DestroyJavaVM" [_thread_blocked, id=14488, stack(0x027e0000,0x02830000)]
  0x266f5800 JavaThread "Timer-0" [_thread_blocked, id=9508, stack(0x280c0000,0x28110000)]
  0x266f3800 JavaThread "TimerQueue" daemon [_thread_blocked, id=14036, stack(0x2b950000,0x2b9a0000)]
  0x266f1000 JavaThread "AWT-EventQueue-0" [_thread_blocked, id=14104, stack(0x2b3d0000,0x2b420000)]
  0x266f5c00 JavaThread "AWT-Shutdown" [_thread_blocked, id=2988, stack(0x2b340000,0x2b390000)]
  0x266f0400 JavaThread "JmDNS(Electronics-Com-BD.local.).State.Timer" [_thread_blocked, id=12092, stack(0x2a1e0000,0x2a230000)]
  0x266f5000 JavaThread "JmDNS(Electronics-Com-BD.local.).Timer" daemon [_thread_blocked, id=10160, stack(0x2a150000,0x2a1a0000)]
  0x266f7800 JavaThread "SocketListener(Electronics-Com-BD.local.)" daemon [_thread_in_native, id=15380, stack(0x2a0c0000,0x2a110000)]
  0x286adc00 JavaThread "Batik CleanerThread" daemon [_thread_blocked, id=7868, stack(0x29cf0000,0x29d40000)]
  0x286ad800 JavaThread "JmmDNS pool-3-thread-1" [_thread_blocked, id=4196, stack(0x29a10000,0x29a60000)]
  0x286ac400 JavaThread "JmDNS(Electronics-Com-BD.local.).State.Timer" [_thread_blocked, id=1324, stack(0x29980000,0x299d0000)]
  0x2869c000 JavaThread "JmDNS(Electronics-Com-BD.local.).Timer" daemon [_thread_blocked, id=2368, stack(0x298f0000,0x29940000)]
  0x28687c00 JavaThread "SocketListener(Electronics-Com-BD.local.)" daemon [_thread_in_native, id=15364, stack(0x29860000,0x298b0000)]
  0x2672e000 JavaThread "Multihomed mDNS.Timer" daemon [_thread_blocked, id=12228, stack(0x293b0000,0x29400000)]
  0x2672e800 JavaThread "cc.arduino.packages.discoverers.serial.SerialDiscovery" [_thread_blocked, id=7620, stack(0x294d0000,0x29520000)]
=>0x2689d800 JavaThread "AWT-Windows" daemon [_thread_in_native, id=1504, stack(0x26d80000,0x26dd0000)]
  0x2689c800 JavaThread "Java2D Disposer" daemon [_thread_blocked, id=15460, stack(0x26c60000,0x26cb0000)]
  0x25ef6800 JavaThread "Service Thread" daemon [_thread_blocked, id=14484, stack(0x26500000,0x26550000)]
  0x25ed5800 JavaThread "C1 CompilerThread0" daemon [_thread_blocked, id=12232, stack(0x26470000,0x264c0000)]
  0x25ed4000 JavaThread "Attach Listener" daemon [_thread_blocked, id=8888, stack(0x263e0000,0x26430000)]
  0x25ecfc00 JavaThread "Signal Dispatcher" daemon [_thread_blocked, id=7528, stack(0x26350000,0x263a0000)]
  0x25ebc000 JavaThread "Finalizer" daemon [_thread_blocked, id=15444, stack(0x261c0000,0x26210000)]
  0x25eb6000 JavaThread "Reference Handler" daemon [_thread_blocked, id=14680, stack(0x26130000,0x26180000)]

Other Threads:
  0x25ea1000 VMThread [stack: 0x260a0000,0x260f0000] [id=9408]
  0x25f01c00 WatcherThread [stack: 0x26590000,0x265e0000] [id=5164]

VM state:not at safepoint (normal execution)

VM Mutex/Monitor currently owned by a thread: None

Heap:
 def new generation   total 40576K, used 33229K [0x04c00000, 0x07800000, 0x0f6a0000)
  eden space 36096K,  79% used [0x04c00000, 0x06813788, 0x06f40000)
  from space 4480K, 100% used [0x073a0000, 0x07800000, 0x07800000)
  to   space 4480K,   0% used [0x06f40000, 0x06f40000, 0x073a0000)
 tenured generation   total 89988K, used 63957K [0x0f6a0000, 0x14e81000, 0x24c00000)
   the space 89988K,  71% used [0x0f6a0000, 0x135154a8, 0x13515600, 0x14e81000)
 Metaspace       used 23966K, capacity 24763K, committed 24832K, reserved 24960K

Card table byte_map: [0x24c00000,0x24d10000] byte_map_base: 0x24bda000

Polling page: 0x02720000

CodeCache: size=32768Kb used=4400Kb max_used=4400Kb free=28367Kb
 bounds [0x02b70000, 0x02fc0000, 0x04b70000]
 total_blobs=2834 nmethods=2543 adapters=219
 compilation: enabled

Compilation events (10 events):
Event: 47.471 Thread 0x25ed5800 2612             java.awt.geom.AffineTransform::getTranslateX (5 bytes)
Event: 47.472 Thread 0x25ed5800 nmethod 2612 0x02fbca08 code [0x02fbcb00, 0x02fbcb80]
Event: 47.472 Thread 0x25ed5800 2613             java.awt.geom.AffineTransform::getTranslateY (5 bytes)
Event: 47.472 Thread 0x25ed5800 nmethod 2613 0x02fbcbc8 code [0x02fbccc0, 0x02fbcd40]
Event: 48.782 Thread 0x25ed5800 2614             java.awt.EventDispatchThread::pumpEventsForFilter (47 bytes)
Event: 48.783 Thread 0x25ed5800 nmethod 2614 0x02fbcd88 code [0x02fbcec0, 0x02fbd03c]
Event: 48.867 Thread 0x25ed5800 2615             java.util.Collections$EmptyList::isEmpty (2 bytes)
Event: 48.867 Thread 0x25ed5800 nmethod 2615 0x02fbd188 code [0x02fbd280, 0x02fbd300]
Event: 52.518 Thread 0x25ed5800 2616             org.slf4j.impl.SimpleLogger::trace (9 bytes)
Event: 52.518 Thread 0x25ed5800 nmethod 2616 0x02fbd348 code [0x02fbd470, 0x02fbd5a0]

GC Heap History (10 events):
Event: 3.772 GC heap before
{Heap before GC invocations=7 (full 1):
 def new generation   total 39424K, used 38266K [0x04c00000, 0x076c0000, 0x0f6a0000)
  eden space 35072K, 100% used [0x04c00000, 0x06e40000, 0x06e40000)
  from space 4352K,  73% used [0x07280000, 0x0759e860, 0x076c0000)
  to   space 4352K,   0% used [0x06e40000, 0x06e40000, 0x07280000)
 tenured generation   total 87424K, used 43072K [0x0f6a0000, 0x14c00000, 0x24c00000)
   the space 87424K,  49% used [0x0f6a0000, 0x120b0128, 0x120b0200, 0x14c00000)
 Metaspace       used 18053K, capacity 18466K, committed 18560K, reserved 18816K
Event: 3.780 GC heap after
Heap after GC invocations=8 (full 1):
 def new generation   total 39424K, used 1631K [0x04c00000, 0x076c0000, 0x0f6a0000)
  eden space 35072K,   0% used [0x04c00000, 0x04c00000, 0x06e40000)
  from space 4352K,  37% used [0x06e40000, 0x06fd7cf0, 0x07280000)
  to   space 4352K,   0% used [0x07280000, 0x07280000, 0x076c0000)
 tenured generation   total 87424K, used 45398K [0x0f6a0000, 0x14c00000, 0x24c00000)
   the space 87424K,  51% used [0x0f6a0000, 0x122f5988, 0x122f5a00, 0x14c00000)
 Metaspace       used 18053K, capacity 18466K, committed 18560K, reserved 18816K
}
Event: 4.779 GC heap before
{Heap before GC invocations=8 (full 1):
 def new generation   total 39424K, used 36703K [0x04c00000, 0x076c0000, 0x0f6a0000)
  eden space 35072K, 100% used [0x04c00000, 0x06e40000, 0x06e40000)
  from space 4352K,  37% used [0x06e40000, 0x06fd7cf0, 0x07280000)
  to   space 4352K,   0% used [0x07280000, 0x07280000, 0x076c0000)
 tenured generation   total 87424K, used 45398K [0x0f6a0000, 0x14c00000, 0x24c00000)
   the space 87424K,  51% used [0x0f6a0000, 0x122f5988, 0x122f5a00, 0x14c00000)
 Metaspace       used 18761K, capacity 19197K, committed 19328K, reserved 19840K
Event: 4.791 GC heap after
Heap after GC invocations=9 (full 1):
 def new generation   total 39424K, used 3256K [0x04c00000, 0x076c0000, 0x0f6a0000)
  eden space 35072K,   0% used [0x04c00000, 0x04c00000, 0x06e40000)
  from space 4352K,  74% used [0x07280000, 0x075ae0a0, 0x076c0000)
  to   space 4352K,   0% used [0x06e40000, 0x06e40000, 0x07280000)
 tenured generation   total 87424K, used 45398K [0x0f6a0000, 0x14c00000, 0x24c00000)
   the space 87424K,  51% used [0x0f6a0000, 0x122f5988, 0x122f5a00, 0x14c00000)
 Metaspace       used 18761K, capacity 19197K, committed 19328K, reserved 19840K
}
Event: 6.194 GC heap before
{Heap before GC invocations=9 (full 1):
 def new generation   total 39424K, used 38328K [0x04c00000, 0x076c0000, 0x0f6a0000)
  eden space 35072K, 100% used [0x04c00000, 0x06e40000, 0x06e40000)
  from space 4352K,  74% used [0x07280000, 0x075ae0a0, 0x076c0000)
  to   space 4352K,   0% used [0x06e40000, 0x06e40000, 0x07280000)
 tenured generation   total 87424K, used 45398K [0x0f6a0000, 0x14c00000, 0x24c00000)
   the space 87424K,  51% used [0x0f6a0000, 0x122f5988, 0x122f5a00, 0x14c00000)
 Metaspace       used 18972K, capacity 19496K, committed 19584K, reserved 19840K
Event: 6.209 GC heap after
Heap after GC invocations=10 (full 1):
 def new generation   total 39424K, used 4352K [0x04c00000, 0x076c0000, 0x0f6a0000)
  eden space 35072K,   0% used [0x04c00000, 0x04c00000, 0x06e40000)
  from space 4352K, 100% used [0x06e40000, 0x07280000, 0x07280000)
  to   space 4352K,   0% used [0x07280000, 0x07280000, 0x076c0000)
 tenured generation   total 87424K, used 48685K [0x0f6a0000, 0x14c00000, 0x24c00000)
   the space 87424K,  55% used [0x0f6a0000, 0x1262b7f0, 0x1262b800, 0x14c00000)
 Metaspace       used 18972K, capacity 19496K, committed 19584K, reserved 19840K
}
Event: 7.356 GC heap before
{Heap before GC invocations=10 (full 1):
 def new generation   total 39424K, used 34373K [0x04c00000, 0x076c0000, 0x0f6a0000)
  eden space 35072K,  85% used [0x04c00000, 0x06951740, 0x06e40000)
  from space 4352K, 100% used [0x06e40000, 0x07280000, 0x07280000)
  to   space 4352K,   0% used [0x07280000, 0x07280000, 0x076c0000)
 tenured generation   total 87424K, used 48685K [0x0f6a0000, 0x14c00000, 0x24c00000)
   the space 87424K,  55% used [0x0f6a0000, 0x1262b7f0, 0x1262b800, 0x14c00000)
 Metaspace       used 19882K, capacity 20447K, committed 20480K, reserved 20864K
Event: 7.464 GC heap after
Heap after GC invocations=11 (full 2):
 def new generation   total 40576K, used 0K [0x04c00000, 0x07800000, 0x0f6a0000)
  eden space 36096K,   0% used [0x04c00000, 0x04c00000, 0x06f40000)
  from space 4480K,   0% used [0x06f40000, 0x06f40000, 0x073a0000)
  to   space 4480K,   0% used [0x073a0000, 0x073a0000, 0x07800000)
 tenured generation   total 89988K, used 53991K [0x0f6a0000, 0x14e81000, 0x24c00000)
   the space 89988K,  59% used [0x0f6a0000, 0x12b59de8, 0x12b59e00, 0x14e81000)
 Metaspace       used 19882K, capacity 20447K, committed 20480K, reserved 20864K
}
Event: 8.187 GC heap before
{Heap before GC invocations=11 (full 2):
 def new generation   total 40576K, used 35900K [0x04c00000, 0x07800000, 0x0f6a0000)
  eden space 36096K,  99% used [0x04c00000, 0x06f0f330, 0x06f40000)
  from space 4480K,   0% used [0x06f40000, 0x06f40000, 0x073a0000)
  to   space 4480K,   0% used [0x073a0000, 0x073a0000, 0x07800000)
 tenured generation   total 89988K, used 53991K [0x0f6a0000, 0x14e81000, 0x24c00000)
   the space 89988K,  59% used [0x0f6a0000, 0x12b59de8, 0x12b59e00, 0x14e81000)
 Metaspace       used 23654K, capacity 24284K, committed 24320K, reserved 24960K
Event: 8.216 GC heap after
Heap after GC invocations=12 (full 2):
 def new generation   total 40576K, used 4480K [0x04c00000, 0x07800000, 0x0f6a0000)
  eden space 36096K,   0% used [0x04c00000, 0x04c00000, 0x06f40000)
  from space 4480K, 100% used [0x073a0000, 0x07800000, 0x07800000)
  to   space 4480K,   0% used [0x06f40000, 0x06f40000, 0x073a0000)
 tenured generation   total 89988K, used 63957K [0x0f6a0000, 0x14e81000, 0x24c00000)
   the space 89988K,  71% used [0x0f6a0000, 0x135154a8, 0x13515600, 0x14e81000)
 Metaspace       used 23654K, capacity 24284K, committed 24320K, reserved 24960K
}

Deoptimization events (0 events):
No events

Classes redefined (0 events):
No events

Internal exceptions (10 events):
Event: 53.585 Thread 0x2689d800 Exception <a 'java/lang/NullPointerException'> (0x067fcb60) thrown at [C:\workspace\8-2-build-windows-i586-cygwin\jdk8u191\11896\hotspot\src\share\vm\prims\jni.cpp, line 1340]
Event: 53.585 Thread 0x2689d800 Exception <a 'java/lang/NullPointerException'> (0x067fcde8) thrown at [C:\workspace\8-2-build-windows-i586-cygwin\jdk8u191\11896\hotspot\src\share\vm\prims\jni.cpp, line 1340]
Event: 53.585 Thread 0x2689d800 Exception <a 'java/lang/NullPointerException'> (0x067fd070) thrown at [C:\workspace\8-2-build-windows-i586-cygwin\jdk8u191\11896\hotspot\src\share\vm\prims\jni.cpp, line 1340]
Event: 53.585 Thread 0x2689d800 Exception <a 'java/lang/NullPointerException'> (0x067fd2f0) thrown at [C:\workspace\8-2-build-windows-i586-cygwin\jdk8u191\11896\hotspot\src\share\vm\prims\jni.cpp, line 1340]
Event: 53.585 Thread 0x2689d800 Exception <a 'java/lang/NullPointerException'> (0x067fd558) thrown at [C:\workspace\8-2-build-windows-i586-cygwin\jdk8u191\11896\hotspot\src\share\vm\prims\jni.cpp, line 1340]
Event: 53.585 Thread 0x2689d800 Exception <a 'java/lang/NullPointerException'> (0x067fd7f0) thrown at [C:\workspace\8-2-build-windows-i586-cygwin\jdk8u191\11896\hotspot\src\share\vm\prims\jni.cpp, line 1340]
Event: 53.585 Thread 0x2689d800 Exception <a 'java/lang/NullPointerException'> (0x067fda78) thrown at [C:\workspace\8-2-build-windows-i586-cygwin\jdk8u191\11896\hotspot\src\share\vm\prims\jni.cpp, line 1340]
Event: 53.585 Thread 0x2689d800 Exception <a 'java/lang/NullPointerException'> (0x067fdce8) thrown at [C:\workspace\8-2-build-windows-i586-cygwin\jdk8u191\11896\hotspot\src\share\vm\prims\jni.cpp, line 1340]
Event: 53.585 Thread 0x2689d800 Exception <a 'java/lang/NullPointerException'> (0x067fdf70) thrown at [C:\workspace\8-2-build-windows-i586-cygwin\jdk8u191\11896\hotspot\src\share\vm\prims\jni.cpp, line 1340]
Event: 53.593 Thread 0x2689d800 Exception <a 'java/lang/NullPointerException'> (0x067fe1e8) thrown at [C:\workspace\8-2-build-windows-i586-cygwin\jdk8u191\11896\hotspot\src\share\vm\prims\jni.cpp, line 1340]

Events (10 events):
Event: 48.782 Thread 0x266f6800 Thread added: 0x266f6800
Event: 48.782 Executing VM operation: RevokeBias
Event: 48.783 Executing VM operation: RevokeBias done
Event: 48.783 Thread 0x266f6800 Thread exited: 0x266f6800
Event: 48.830 Executing VM operation: BulkRevokeBias
Event: 48.830 Executing VM operation: BulkRevokeBias done
Event: 52.522 Executing VM operation: RevokeBias
Event: 52.523 Executing VM operation: RevokeBias done
Event: 52.523 Executing VM operation: RevokeBias
Event: 52.523 Executing VM operation: RevokeBias done


Dynamic libraries:
0x00a30000 - 0x00a63000 	C:\Program Files (x86)\Arduino\java\bin\javaw.exe
0x77190000 - 0x7732a000 	C:\WINDOWS\SYSTEM32\ntdll.dll
0x766d0000 - 0x767b0000 	C:\WINDOWS\System32\KERNEL32.DLL
0x75190000 - 0x7538e000 	C:\WINDOWS\System32\KERNELBASE.dll
0x76cf0000 - 0x76d69000 	C:\WINDOWS\System32\ADVAPI32.dll
0x74d10000 - 0x74dcf000 	C:\WINDOWS\System32\msvcrt.dll
0x76650000 - 0x766c6000 	C:\WINDOWS\System32\sechost.dll
0x76e60000 - 0x76f1b000 	C:\WINDOWS\System32\RPCRT4.dll
0x74960000 - 0x74980000 	C:\WINDOWS\System32\SspiCli.dll
0x74950000 - 0x7495a000 	C:\WINDOWS\System32\CRYPTBASE.dll
0x76820000 - 0x7687f000 	C:\WINDOWS\System32\bcryptPrimitives.dll
0x74980000 - 0x74b17000 	C:\WINDOWS\System32\USER32.dll
0x76800000 - 0x76817000 	C:\WINDOWS\System32\win32u.dll
0x74dd0000 - 0x74df1000 	C:\WINDOWS\System32\GDI32.dll
0x75390000 - 0x754ea000 	C:\WINDOWS\System32\gdi32full.dll
0x765b0000 - 0x7662c000 	C:\WINDOWS\System32\msvcp_win.dll
0x75eb0000 - 0x75fcf000 	C:\WINDOWS\System32\ucrtbase.dll
0x72c70000 - 0x72e7f000 	C:\WINDOWS\WinSxS\x86_microsoft.windows.common-controls_6595b64144ccf1df_6.0.18362.720_none_2e6bec9c2790ac71\COMCTL32.dll
0x75b80000 - 0x75df5000 	C:\WINDOWS\System32\combase.dll
0x75a70000 - 0x75a95000 	C:\WINDOWS\System32\IMM32.DLL
0x7ae90000 - 0x7af4f000 	C:\Program Files (x86)\Arduino\java\bin\msvcr100.dll
0x7af80000 - 0x7b353000 	C:\Program Files (x86)\Arduino\java\bin\client\jvm.dll
0x76d70000 - 0x76d76000 	C:\WINDOWS\System32\PSAPI.DLL
0x73e80000 - 0x73e88000 	C:\WINDOWS\SYSTEM32\WSOCK32.dll
0x73970000 - 0x73994000 	C:\WINDOWS\SYSTEM32\WINMM.dll
0x739d0000 - 0x739d8000 	C:\WINDOWS\SYSTEM32\VERSION.dll
0x76da0000 - 0x76dfe000 	C:\WINDOWS\System32\WS2_32.dll
0x73330000 - 0x73353000 	C:\WINDOWS\SYSTEM32\WINMMBASE.dll
0x74f10000 - 0x74f4b000 	C:\WINDOWS\System32\cfgmgr32.dll
0x71e40000 - 0x71e70000 	C:\Program Files (x86)\Arduino\java\bin\splashscreen.dll
0x71f90000 - 0x7200a000 	C:\WINDOWS\system32\uxtheme.dll
0x728a0000 - 0x728ac000 	C:\Program Files (x86)\Arduino\java\bin\verify.dll
0x7af50000 - 0x7af72000 	C:\Program Files (x86)\Arduino\java\bin\java.dll
0x74e00000 - 0x74f03000 	C:\WINDOWS\System32\MSCTF.dll
0x770e0000 - 0x77172000 	C:\WINDOWS\System32\OLEAUT32.dll
0x7ae20000 - 0x7ae34000 	C:\Program Files (x86)\Arduino\java\bin\zip.dll
0x75b50000 - 0x75b5f000 	C:\WINDOWS\System32\kernel.appcore.dll
0x59cc0000 - 0x59d44000 	C:\WINDOWS\System32\TextInputFramework.dll
0x5aba0000 - 0x5adfe000 	C:\WINDOWS\System32\CoreUIComponents.dll
0x5b6c0000 - 0x5b749000 	C:\WINDOWS\System32\CoreMessaging.dll
0x75e20000 - 0x75ea4000 	C:\WINDOWS\System32\SHCORE.dll
0x72ac0000 - 0x72ae9000 	C:\WINDOWS\SYSTEM32\ntmarta.dll
0x6de10000 - 0x6deea000 	C:\WINDOWS\SYSTEM32\wintypes.dll
0x72340000 - 0x72569000 	C:\WINDOWS\System32\iertutil.dll
0x754f0000 - 0x75a6a000 	C:\WINDOWS\System32\SHELL32.dll
0x75fd0000 - 0x76595000 	C:\WINDOWS\System32\windows.storage.dll
0x75b60000 - 0x75b7b000 	C:\WINDOWS\System32\profapi.dll
0x76f20000 - 0x76f63000 	C:\WINDOWS\System32\powrprof.dll
0x765a0000 - 0x765ad000 	C:\WINDOWS\System32\UMPDC.dll
0x767b0000 - 0x767f4000 	C:\WINDOWS\System32\shlwapi.dll
0x76630000 - 0x76643000 	C:\WINDOWS\System32\cryptsp.dll
0x61940000 - 0x619b3000 	C:\Program Files (x86)\Arduino\lib\listSerialsj.dll
0x76880000 - 0x76cc9000 	C:\WINDOWS\System32\SETUPAPI.dll
0x76d80000 - 0x76d99000 	C:\WINDOWS\System32\bcrypt.dll
0x7ae00000 - 0x7ae1d000 	C:\Program Files (x86)\Arduino\lib\jnidispatch-4.2.2-win32-x86.dll
0x74c10000 - 0x74d07000 	C:\WINDOWS\System32\Ole32.dll
0x7ad70000 - 0x7ad85000 	C:\Program Files (x86)\Arduino\java\bin\net.dll
0x73250000 - 0x732a2000 	C:\WINDOWS\system32\mswsock.dll
0x72890000 - 0x7289f000 	C:\Program Files (x86)\Arduino\java\bin\nio.dll
0x7ab20000 - 0x7ac67000 	C:\Program Files (x86)\Arduino\java\bin\awt.dll
0x74430000 - 0x744cf000 	C:\WINDOWS\SYSTEM32\apphelp.dll
0x6ee90000 - 0x6eeb5000 	C:\WINDOWS\system32\DWMAPI.DLL
0x7adc0000 - 0x7adf9000 	C:\Program Files (x86)\Arduino\java\bin\fontmanager.dll
0x7ac70000 - 0x7ad6f000 	C:\WINDOWS\system32\opengl32.dll
0x7aad0000 - 0x7ab0f000 	C:\WINDOWS\SYSTEM32\GLU32.dll
0x641d0000 - 0x641e9000 	C:\WINDOWS\SYSTEM32\dxcore.dll
0x7aa90000 - 0x7aac2000 	C:\Program Files (x86)\Arduino\java\bin\t2k.dll
0x7ae70000 - 0x7ae7a000 	C:\Program Files (x86)\Arduino\java\bin\management.dll
0x731d0000 - 0x731e1000 	C:\WINDOWS\system32\napinsp.dll
0x731b0000 - 0x731c6000 	C:\WINDOWS\system32\pnrpnsp.dll
0x739e0000 - 0x73a71000 	C:\WINDOWS\SYSTEM32\DNSAPI.dll
0x74b20000 - 0x74b27000 	C:\WINDOWS\System32\NSI.dll
0x744d0000 - 0x74502000 	C:\WINDOWS\SYSTEM32\IPHLPAPI.DLL
0x731a0000 - 0x731ab000 	C:\WINDOWS\System32\winrnr.dll
0x73180000 - 0x73196000 	C:\WINDOWS\system32\NLAapi.dll
0x73170000 - 0x73180000 	C:\WINDOWS\system32\wshbth.dll
0x73100000 - 0x73151000 	C:\WINDOWS\System32\fwpuclnt.dll
0x73160000 - 0x73168000 	C:\Windows\System32\rasadhlp.dll
0x72ea0000 - 0x72eb3000 	C:\WINDOWS\SYSTEM32\dhcpcsvc6.DLL
0x72e80000 - 0x72e95000 	C:\WINDOWS\SYSTEM32\dhcpcsvc.DLL
0x732c0000 - 0x732ef000 	C:\WINDOWS\system32\rsaenh.dll
0x73e60000 - 0x73e7e000 	C:\WINDOWS\SYSTEM32\USERENV.dll
0x73300000 - 0x73323000 	C:\WINDOWS\SYSTEM32\DEVOBJ.dll
0x75140000 - 0x75186000 	C:\WINDOWS\System32\WINTRUST.dll
0x75e00000 - 0x75e0e000 	C:\WINDOWS\System32\MSASN1.dll
0x74f50000 - 0x7504b000 	C:\WINDOWS\System32\CRYPT32.dll
0x7b360000 - 0x7b380000 	C:\Program Files (x86)\Arduino\java\bin\sunec.dll
0x7b380000 - 0x7b389000 	C:\Program Files (x86)\Arduino\java\bin\sunmscapi.dll
0x7b390000 - 0x7b3f9000 	C:\Program Files (x86)\Arduino\msvcp100.dll
0x7b400000 - 0x7b4be000 	C:\Program Files (x86)\Arduino\msvcr100.dll
0x26cb0000 - 0x26ce2000 	C:\Program Files (x86)\Arduino\lib\AStylej.dll
0x7ad90000 - 0x7adb4000 	C:\Program Files (x86)\Arduino\java\bin\dcpr.dll
0x74b90000 - 0x74c10000 	C:\WINDOWS\System32\clbcatq.dll
0x6d3e0000 - 0x6d549000 	C:\WINDOWS\SYSTEM32\WindowsCodecs.dll
0x60de0000 - 0x60e11000 	C:\WINDOWS\system32\dataexchange.dll
0x60c70000 - 0x60dd9000 	C:\WINDOWS\system32\dcomp.dll
0x60a90000 - 0x60c6e000 	C:\WINDOWS\system32\d3d11.dll
0x609c0000 - 0x60a81000 	C:\WINDOWS\system32\dxgi.dll
0x6d8a0000 - 0x6da83000 	C:\WINDOWS\system32\twinapi.appcore.dll
0x720b0000 - 0x720cf000 	C:\WINDOWS\system32\RMCLIENT.dll
0x75aa0000 - 0x75b50000 	C:\WINDOWS\System32\COMDLG32.dll
0x73360000 - 0x73425000 	C:\WINDOWS\system32\propsys.dll
0x6e3f0000 - 0x6e40b000 	C:\WINDOWS\SYSTEM32\CLDAPI.dll
0x71b20000 - 0x71b28000 	C:\WINDOWS\SYSTEM32\FLTLIB.DLL
0x6dff0000 - 0x6e37d000 	C:\Windows\System32\OneCoreUAPCommonProxyStub.dll
0x7bec0000 - 0x7bf42000 	C:\Program Files (x86)\Common Files\microsoft shared\ink\tiptsf.dll
0x6d550000 - 0x6d56b000 	C:\WINDOWS\SYSTEM32\edputil.dll
0x7bf50000 - 0x7bf63000 	C:\WINDOWS\system32\NetworkExplorer.dll
0x79140000 - 0x7918a000 	C:\Windows\System32\thumbcache.dll
0x6db30000 - 0x6db91000 	C:\WINDOWS\SYSTEM32\ntshrui.dll
0x72f10000 - 0x72f2c000 	C:\WINDOWS\SYSTEM32\srvcli.dll
0x71bc0000 - 0x71bce000 	C:\WINDOWS\SYSTEM32\cscapi.dll
0x6dba0000 - 0x6dc25000 	C:\WINDOWS\System32\StructuredQuery.dll
0x774e0000 - 0x77553000 	C:\WINDOWS\SYSTEM32\policymanager.dll
0x6d170000 - 0x6d1d5000 	C:\WINDOWS\SYSTEM32\msvcp110_win.dll
0x6da90000 - 0x6db2d000 	C:\WINDOWS\system32\Windows.Storage.Search.dll
0x72060000 - 0x7206a000 	C:\WINDOWS\SYSTEM32\Secur32.dll
0x6d350000 - 0x6d3db000 	C:\Windows\System32\Windows.StateRepositoryPS.dll
0x7bf70000 - 0x7c00b000 	C:\ProgramData\MEGAsync\ShellExtX32.dll
0x7c010000 - 0x7c149000 	C:\Users\biayi\AppData\Local\Microsoft\OneDrive\20.052.0311.0011\FileSyncShell.dll
0x71d40000 - 0x71d4f000 	C:\WINDOWS\SYSTEM32\WTSAPI32.dll
0x73510000 - 0x7396b000 	C:\WINDOWS\SYSTEM32\WININET.dll
0x7c150000 - 0x7c1c9000 	C:\Program Files (x86)\Dropbox\Client\DropboxExt.37.0.dll
0x7c1d0000 - 0x7c238000 	C:\WINDOWS\system32\PhotoMetadataHandler.dll
0x739b0000 - 0x739c8000 	C:\WINDOWS\SYSTEM32\MPR.dll
0x79c10000 - 0x79c19000 	C:\WINDOWS\System32\drprov.dll
0x71cf0000 - 0x71d39000 	C:\WINDOWS\System32\WINSTA.dll
0x79c20000 - 0x79c32000 	C:\WINDOWS\System32\ntlanman.dll

VM Arguments:
jvm_args: -Dsun.java2d.d3d=false -Djna.nosys=true -Djna.nounpack=true -Djna.boot.library.name=jnidispatch-4.2.2-win32-x86 -Djna.boot.library.path=C:\Program Files (x86)\Arduino/lib -Djssc.library.path=C:\Program Files (x86)\Arduino/lib -DAPP_DIR=C:\Program Files (x86)\Arduino -Xms128M -Xmx512M -Dfile.encoding=UTF8 -Djava.net.preferIPv4Stack=true 
java_command: processing.app.Base
java_class_path (initial): C:\Program Files (x86)\Arduino\lib\apple.jar;C:\Program Files (x86)\Arduino\lib\arduino-core.jar;C:\Program Files (x86)\Arduino\lib\batik-1.8.jar;C:\Program Files (x86)\Arduino\lib\batik-anim-1.8.jar;C:\Program Files (x86)\Arduino\lib\batik-awt-util-1.8.jar;C:\Program Files (x86)\Arduino\lib\batik-bridge-1.8.jar;C:\Program Files (x86)\Arduino\lib\batik-codec-1.8.jar;C:\Program Files (x86)\Arduino\lib\batik-css-1.8.jar;C:\Program Files (x86)\Arduino\lib\batik-dom-1.8.jar;C:\Program Files (x86)\Arduino\lib\batik-ext-1.8.jar;C:\Program Files (x86)\Arduino\lib\batik-gvt-1.8.jar;C:\Program Files (x86)\Arduino\lib\batik-parser-1.8.jar;C:\Program Files (x86)\Arduino\lib\batik-rasterizer-1.8.jar;C:\Program Files (x86)\Arduino\lib\batik-script-1.8.jar;C:\Program Files (x86)\Arduino\lib\batik-squiggle-1.8.jar;C:\Program Files (x86)\Arduino\lib\batik-svg-dom-1.8.jar;C:\Program Files (x86)\Arduino\lib\batik-svgpp-1.8.jar;C:\Program Files (x86)\Arduino\lib\batik-transcoder-1.8.jar;C:\Program Files (x86)\Arduino\lib\batik-util-1.8.jar;C:\Program Files (x86)\Arduino\lib\batik-xml-1.8.jar;C:\Program Files (x86)\Arduino\lib\bcpg-jdk15on-152.jar;C:\Program Files (x86)\Arduino\lib\bcprov-jdk15on-152.jar;C:\Program Files (x86)\Arduino\lib\commons-codec-1.7.jar;C:\Program Files (x86)\Arduino\lib\commons-compress-1.8.jar;C:\Program Files (x86)\Arduino\lib\commons-exec-1.1.jar;C:\Program Files (x86)\Arduino\lib\commons-httpclient-3.1.jar;C:\Program Files (x86)\Arduino\lib\commons-lang3-3.8.1.jar;C:\Program Files (x86)\Arduino\lib\commons-logging-1.0.4.jar;C:\Program Files (x86)\Arduino\lib\commons-net-3.3.jar;C:\Program Files (x86)\Arduino\lib\commons-io-2.6.jar;C:\Program Files (x86)\Arduino\lib\jackson-annotations-2.9.5.jar;C:\Program Files (x86)\Arduino\lib\jackson-core-2.9.5.jar;C:\Program Files (x86)\Arduino\lib\jackson-databind-2.9.5.jar;C:\Program Files (x86)\Arduino\lib\jackson-module-mrbean-2.9.5.jar;C:\Program Files (x86)\Arduino\lib\java-semver-0.8.
Launcher Type: SUN_STANDARD

Environment Variables:
PATH=C:\Program Files (x86)\Common Files\Oracle\Java\javapath;E:\app\biayi\product\11.2.0\client_1\bin;C:\Program Files (x86)\Intel\iCLS Client\;C:\Program Files\Intel\iCLS Client\;C:\Windows\system32;C:\Windows;C:\Windows\System32\Wbem;C:\Windows\System32\WindowsPowerShell\v1.0\;C:\Program Files (x86)\NVIDIA Corporation\PhysX\Common;C:\Program Files\Intel\Intel(R) Management Engine Components\DAL;C:\Program Files\Intel\Intel(R) Management Engine Components\IPT;C:\Program Files (x86)\Intel\Intel(R) Management Engine Components\DAL;C:\Program Files (x86)\Intel\Intel(R) Management Engine Components\IPT;C:\Program Files\Hewlett-Packard\SimplePass\;C:\Program Files\Microsoft SQL Server\110\Tools\Binn\;C:\WINDOWS\system32;C:\WINDOWS;C:\WINDOWS\System32\Wbem;C:\WINDOWS\System32\WindowsPowerShell\v1.0\;C:\Program Files (x86)\QuickTime\QTSystem\;C:\WINDOWS\System32\OpenSSH\;C:\Program Files\Dart\dart-sdk\bin;C:\Program Files\Git\cmd;C:\Program Files (x86)\Intel\iCLS Client\;C:\Program Files\Intel\iCLS Client\;C:\Windows\system32;C:\Windows;C:\Windows\System32\Wbem;C:\Windows\System32\WindowsPowerShell\v1.0\;C:\Program Files (x86)\NVIDIA Corporation\PhysX\Common;C:\Program Files\Intel\Intel(R) Management Engine Components\DAL;C:\Program Files\Intel\Intel(R) Management Engine Components\IPT;C:\Program Files (x86)\Intel\Intel(R) Management Engine Components\DAL;C:\Program Files (x86)\Intel\Intel(R) Management Engine Components\IPT;C:\Program Files\Hewlett-Packard\SimplePass\;C:\Program Files (x86)\Windows Kits\8.1\Windows Performance Toolkit\;C:\Program Files\Microsoft SQL Server\110\Tools\Binn\;C:\WINDOWS\system32;C:\WINDOWS;C:\WINDOWS\System32\Wbem;C:\WINDOWS\System32\WindowsPowerShell\v1.0\;C:\Users\biayi\AppData\Local\Microsoft\WindowsApps;C:\Users\biayi\AppData\Local\Programs\EmEditor;C:\Users\biayi\AppData\Local\Microsoft\WindowsApps;D:\flutter\bin;;C:\Program Files (x86)\Arduino\java\bin
USERNAME=biayi
OS=Windows_NT
PROCESSOR_IDENTIFIER=Intel64 Family 6 Model 60 Stepping 3, GenuineIntel



---------------  S Y S T E M  ---------------

OS: Windows 10.0 , 64 bit Build 18362 (10.0.18362.329)

CPU:total 8 (initial active 8) (4 cores per cpu, 2 threads per core) family 6 model 60 stepping 3, cmov, cx8, fxsr, mmx, sse, sse2, sse3, ssse3, sse4.1, sse4.2, popcnt, avx, avx2, aes, clmul, erms, lzcnt, ht, tsc, tscinvbit, bmi1, bmi2

Memory: 4k page, physical 12513304k(5871940k free), swap 15659032k(8163676k free)

vm_info: Java HotSpot(TM) Client VM (25.191-b12) for windows-x86 JRE (1.8.0_191-b12), built on Oct  6 2018 08:34:23 by "java_re" with MS VC++ 10.0 (VS2010)

time: Wed May 27 17:11:17 2020
elapsed time: 54 seconds (0d 0h 0m 54s)

